Сборка начата 12.05.2024 16:28:38.
Уровень детализации журнала: Normal.     1>Проект "C:\Users\Hasee\Desktop\АиСД\02\02.vcxproj" в узле 2 (целевые объекты Build).
     1>InitializeBuildStatus:
         Создание "x64\Debug\02.tlog\unsuccessfulbuild", так как было задано "AlwaysCreate".
         Обращение к "x64\Debug\02.tlog\unsuccessfulbuild".
       ClCompile:
         C:\Program Files\Microsoft Visual Studio\2022\Community\VC\Tools\MSVC\14.37.32822\bin\HostX64\x64\CL.exe /c /ZI /JMC /nologo /W3 /WX- /diagnostics:column /sdl /Od /D _DEBUG /D _CONSOLE /D _UNICODE /D UNICODE /Gm- /EHsc /RTC1 /MDd /GS /fp:precise /Zc:wchar_t /Zc:forScope /Zc:inline /permissive- /Fo"x64\Debug\\" /Fd"x64\Debug\vc143.pdb" /external:W3 /Gd /TP /FC /errorReport:prompt 02.cpp
         02.cpp
     1>C:\Users\Hasee\Desktop\АиСД\02\02.cpp(15,14): warning C4244: =: преобразование "double" в "__int64", возможна потеря данных
       Link:
         C:\Program Files\Microsoft Visual Studio\2022\Community\VC\Tools\MSVC\14.37.32822\bin\HostX64\x64\link.exe /ERRORREPORT:PROMPT /OUT:"C:\Users\Hasee\Desktop\АиСД\02\x64\Debug\02.exe" /INCREMENTAL /ILK:"x64\Debug\02.ilk" /NOLOGO kernel32.lib user32.lib gdi32.lib winspool.lib comdlg32.lib advapi32.lib shell32.lib ole32.lib oleaut32.lib uuid.lib odbc32.lib odbccp32.lib /MANIFEST /MANIFESTUAC:"level='asInvoker' uiAccess='false'" /manifest:embed /DEBUG /PDB:"C:\Users\Hasee\Desktop\АиСД\02\x64\Debug\02.pdb" /SUBSYSTEM:CONSOLE /TLBID:1 /DYNAMICBASE /NXCOMPAT /IMPLIB:"C:\Users\Hasee\Desktop\АиСД\02\x64\Debug\02.lib" /MACHINE:X64 x64\Debug\02.obj
         02.vcxproj -> C:\Users\Hasee\Desktop\АиСД\02\x64\Debug\02.exe
       FinalizeBuildStatus:
         Файл "x64\Debug\02.tlog\unsuccessfulbuild" удаляется.
         Обращение к "x64\Debug\02.tlog\02.lastbuildstate".
     1>Сборка проекта "C:\Users\Hasee\Desktop\АиСД\02\02.vcxproj" завершена (целевые объекты Build).

Сборка успешно завершена.

       "C:\Users\Hasee\Desktop\АиСД\02\02.vcxproj" (целевой объект Build ) (1) ->
       (Целевой объект ClCompile) -> 
         C:\Users\Hasee\Desktop\АиСД\02\02.cpp(15,14): warning C4244: =: преобразование "double" в "__int64", возможна потеря данных

    Предупреждений: 1
    Ошибок: 0

Прошло времени 00:00:00.88
