Сборка начата 13.05.2024 15:48:20.
Уровень детализации журнала: Normal.     1>Проект "C:\Users\Hasee\Desktop\АиСД\06\06.vcxproj" в узле 2 (целевые объекты Build).
     1>InitializeBuildStatus:
         Создание "x64\Debug\06.tlog\unsuccessfulbuild", так как было задано "AlwaysCreate".
         Обращение к "x64\Debug\06.tlog\unsuccessfulbuild".
       ClCompile:
         C:\Program Files\Microsoft Visual Studio\2022\Community\VC\Tools\MSVC\14.37.32822\bin\HostX64\x64\CL.exe /c /ZI /JMC /nologo /W3 /WX- /diagnostics:column /sdl /Od /D _DEBUG /D _CONSOLE /D _UNICODE /D UNICODE /Gm- /EHsc /RTC1 /MDd /GS /fp:precise /Zc:wchar_t /Zc:forScope /Zc:inline /permissive- /Fo"x64\Debug\\" /Fd"x64\Debug\vc143.pdb" /external:W3 /Gd /TP /FC /errorReport:prompt 06.cpp
         06.cpp
     1>C:\Users\Hasee\Desktop\АиСД\06\06.cpp(40,12): warning C4244: аргумент: преобразование "time_t" в "unsigned int", возможна потеря данных
       Link:
         C:\Program Files\Microsoft Visual Studio\2022\Community\VC\Tools\MSVC\14.37.32822\bin\HostX64\x64\link.exe /ERRORREPORT:PROMPT /OUT:"C:\Users\Hasee\Desktop\АиСД\06\x64\Debug\06.exe" /INCREMENTAL /ILK:"x64\Debug\06.ilk" /NOLOGO kernel32.lib user32.lib gdi32.lib winspool.lib comdlg32.lib advapi32.lib shell32.lib ole32.lib oleaut32.lib uuid.lib odbc32.lib odbccp32.lib /MANIFEST /MANIFESTUAC:"level='asInvoker' uiAccess='false'" /manifest:embed /DEBUG /PDB:"C:\Users\Hasee\Desktop\АиСД\06\x64\Debug\06.pdb" /SUBSYSTEM:CONSOLE /TLBID:1 /DYNAMICBASE /NXCOMPAT /IMPLIB:"C:\Users\Hasee\Desktop\АиСД\06\x64\Debug\06.lib" /MACHINE:X64 x64\Debug\06.obj
         x64\Debug\Hash_Twin_Chain.obj
         x64\Debug\List.obj
         06.vcxproj -> C:\Users\Hasee\Desktop\АиСД\06\x64\Debug\06.exe
       FinalizeBuildStatus:
         Файл "x64\Debug\06.tlog\unsuccessfulbuild" удаляется.
         Обращение к "x64\Debug\06.tlog\06.lastbuildstate".
     1>Сборка проекта "C:\Users\Hasee\Desktop\АиСД\06\06.vcxproj" завершена (целевые объекты Build).

Сборка успешно завершена.

       "C:\Users\Hasee\Desktop\АиСД\06\06.vcxproj" (целевой объект Build ) (1) ->
       (Целевой объект ClCompile) -> 
         C:\Users\Hasee\Desktop\АиСД\06\06.cpp(40,12): warning C4244: аргумент: преобразование "time_t" в "unsigned int", возможна потеря данных

    Предупреждений: 1
    Ошибок: 0

Прошло времени 00:00:01.15
