Сборка начата 12.05.2024 17:10:38.
Уровень детализации журнала: Normal.     1>Проект "C:\Users\Hasee\Desktop\АиСД\05\05.vcxproj" в узле 2 (целевые объекты Build).
     1>InitializeBuildStatus:
         Создание "x64\Debug\05.tlog\unsuccessfulbuild", так как было задано "AlwaysCreate".
         Обращение к "x64\Debug\05.tlog\unsuccessfulbuild".
       ClCompile:
         C:\Program Files\Microsoft Visual Studio\2022\Community\VC\Tools\MSVC\14.37.32822\bin\HostX64\x64\CL.exe /c /ZI /JMC /nologo /W3 /WX- /diagnostics:column /sdl /Od /D _DEBUG /D _CONSOLE /D _UNICODE /D UNICODE /Gm- /EHsc /RTC1 /MDd /GS /fp:precise /Zc:wchar_t /Zc:forScope /Zc:inline /permissive- /Fo"x64\Debug\\" /Fd"x64\Debug\vc143.pdb" /external:W3 /Gd /TP /FC /errorReport:prompt 05.cpp
         05.cpp
     1>C:\Users\Hasee\Desktop\АиСД\05\05.cpp(7,1): warning C4326: возвращаемый тип "main" должен быть "int", а не "void"
       Link:
         C:\Program Files\Microsoft Visual Studio\2022\Community\VC\Tools\MSVC\14.37.32822\bin\HostX64\x64\link.exe /ERRORREPORT:PROMPT /OUT:"C:\Users\Hasee\Desktop\АиСД\05\x64\Debug\05.exe" /INCREMENTAL /ILK:"x64\Debug\05.ilk" /NOLOGO kernel32.lib user32.lib gdi32.lib winspool.lib comdlg32.lib advapi32.lib shell32.lib ole32.lib oleaut32.lib uuid.lib odbc32.lib odbccp32.lib /MANIFEST /MANIFESTUAC:"level='asInvoker' uiAccess='false'" /manifest:embed /DEBUG /PDB:"C:\Users\Hasee\Desktop\АиСД\05\x64\Debug\05.pdb" /SUBSYSTEM:CONSOLE /TLBID:1 /DYNAMICBASE /NXCOMPAT /IMPLIB:"C:\Users\Hasee\Desktop\АиСД\05\x64\Debug\05.lib" /MACHINE:X64 x64\Debug\05.obj
         05.vcxproj -> C:\Users\Hasee\Desktop\АиСД\05\x64\Debug\05.exe
       FinalizeBuildStatus:
         Файл "x64\Debug\05.tlog\unsuccessfulbuild" удаляется.
         Обращение к "x64\Debug\05.tlog\05.lastbuildstate".
     1>Сборка проекта "C:\Users\Hasee\Desktop\АиСД\05\05.vcxproj" завершена (целевые объекты Build).

Сборка успешно завершена.

       "C:\Users\Hasee\Desktop\АиСД\05\05.vcxproj" (целевой объект Build ) (1) ->
       (Целевой объект ClCompile) -> 
         C:\Users\Hasee\Desktop\АиСД\05\05.cpp(7,1): warning C4326: возвращаемый тип "main" должен быть "int", а не "void"

    Предупреждений: 1
    Ошибок: 0

Прошло времени 00:00:00.93
